<?xml version="1.0" encoding="UTF-8"?>
<testsuite xmlns:xsi="http://www.w3.org/2001/XMLSchema-instance" xsi:noNamespaceSchemaLocation="https://maven.apache.org/surefire/maven-surefire-plugin/xsd/surefire-test-report.xsd" name="com.ssmcrud.MvcTest" time="32.37" tests="1" errors="1" skipped="0" failures="0">
  <properties>
[...]
</properties>
  <testcase name="testPage" classname="com.ssmcrud.MvcTest" time="29.376">
    <error message="Request processing failed; nested exception is org.springframework.transaction.CannotCreateTransactionException: Could not open JDBC Connection for transaction; nested exception is java.sql.SQLException: Connections could not be acquired from the underlying database!" type="org.springframework.web.util.NestedServletException">org.springframework.web.util.NestedServletException: Request processing failed; nested exception is org.springframework.transaction.CannotCreateTransactionException: Could not open JDBC Connection for transaction; nested exception is java.sql.SQLException: Connections could not be acquired from the underlying database!
	at com.ssmcrud.MvcTest.testPage(MvcTest.java:47)
Caused by: org.springframework.transaction.CannotCreateTransactionException: Could not open JDBC Connection for transaction; nested exception is java.sql.SQLException: Connections could not be acquired from the underlying database!
	at com.ssmcrud.MvcTest.testPage(MvcTest.java:47)
Caused by: java.sql.SQLException: Connections could not be acquired from the underlying database!
	at com.ssmcrud.MvcTest.testPage(MvcTest.java:47)
Caused by: com.mchange.v2.resourcepool.CannotAcquireResourceException: A ResourcePool could not acquire a resource from its primary factory or source.
	at com.ssmcrud.MvcTest.testPage(MvcTest.java:47)
</error>
    <system-err><![CDATA[四月 07, 2020 9:12:28 上午 org.springframework.test.context.web.WebTestContextBootstrapper getDefaultTestExecutionListenerClassNames
信息: Loaded default TestExecutionListener class names from location [META-INF/spring.factories]: [org.springframework.test.context.web.ServletTestExecutionListener, org.springframework.test.context.support.DirtiesContextBeforeModesTestExecutionListener, org.springframework.test.context.support.DependencyInjectionTestExecutionListener, org.springframework.test.context.support.DirtiesContextTestExecutionListener, org.springframework.test.context.transaction.TransactionalTestExecutionListener, org.springframework.test.context.jdbc.SqlScriptsTestExecutionListener]
四月 07, 2020 9:12:28 上午 org.springframework.test.context.web.WebTestContextBootstrapper getTestExecutionListeners
信息: Using TestExecutionListeners: [org.springframework.test.context.web.ServletTestExecutionListener@6b00f608, org.springframework.test.context.support.DirtiesContextBeforeModesTestExecutionListener@2f17e30d, org.springframework.test.context.support.DependencyInjectionTestExecutionListener@3e821657, org.springframework.test.context.support.DirtiesContextTestExecutionListener@1d131e1b, org.springframework.test.context.transaction.TransactionalTestExecutionListener@71cf1b07, org.springframework.test.context.jdbc.SqlScriptsTestExecutionListener@615091b8]
四月 07, 2020 9:12:28 上午 org.springframework.beans.factory.xml.XmlBeanDefinitionReader loadBeanDefinitions
信息: Loading XML bean definitions from class path resource [applicationContext.xml]
四月 07, 2020 9:12:29 上午 org.springframework.beans.factory.xml.XmlBeanDefinitionReader loadBeanDefinitions
信息: Loading XML bean definitions from URL [file:src/main/webapp/WEB-INF/dispatcherServlet-servlet.xml]
四月 07, 2020 9:12:29 上午 org.springframework.web.context.support.GenericWebApplicationContext prepareRefresh
信息: Refreshing org.springframework.web.context.support.GenericWebApplicationContext@61e94def: startup date [Tue Apr 07 09:12:29 CST 2020]; root of context hierarchy
四月 07, 2020 9:12:30 上午 org.springframework.web.servlet.handler.SimpleUrlHandlerMapping registerHandler
信息: Mapped URL path [/**] onto handler 'org.springframework.web.servlet.resource.DefaultServletHttpRequestHandler#0'
四月 07, 2020 9:12:30 上午 org.springframework.web.servlet.mvc.method.annotation.RequestMappingHandlerMapping register
信息: Mapped "{[/depts]}" onto public com.ssmcrud.bean.Msg com.ssmcrud.controller.DepartmentController.getDepts()
四月 07, 2020 9:12:30 上午 org.springframework.web.servlet.mvc.method.annotation.RequestMappingHandlerMapping register
信息: Mapped "{[/emp/{id}],methods=[GET]}" onto public com.ssmcrud.bean.Msg com.ssmcrud.controller.EmployeeController.getEmp(java.lang.Integer)
四月 07, 2020 9:12:30 上午 org.springframework.web.servlet.mvc.method.annotation.RequestMappingHandlerMapping register
信息: Mapped "{[/emp/{ids}],methods=[DELETE]}" onto public com.ssmcrud.bean.Msg com.ssmcrud.controller.EmployeeController.deleteEmp(java.lang.String)
四月 07, 2020 9:12:30 上午 org.springframework.web.servlet.mvc.method.annotation.RequestMappingHandlerMapping register
信息: Mapped "{[/emp],methods=[POST]}" onto public com.ssmcrud.bean.Msg com.ssmcrud.controller.EmployeeController.saveEmp(com.ssmcrud.bean.Employee,org.springframework.validation.BindingResult)
四月 07, 2020 9:12:30 上午 org.springframework.web.servlet.mvc.method.annotation.RequestMappingHandlerMapping register
信息: Mapped "{[/emp/{empId}],methods=[PUT]}" onto public com.ssmcrud.bean.Msg com.ssmcrud.controller.EmployeeController.saveEmp(com.ssmcrud.bean.Employee,javax.servlet.http.HttpServletRequest)
四月 07, 2020 9:12:30 上午 org.springframework.web.servlet.mvc.method.annotation.RequestMappingHandlerMapping register
信息: Mapped "{[/checkuser]}" onto public com.ssmcrud.bean.Msg com.ssmcrud.controller.EmployeeController.checkuser(java.lang.String)
四月 07, 2020 9:12:30 上午 org.springframework.web.servlet.mvc.method.annotation.RequestMappingHandlerMapping register
信息: Mapped "{[/emps]}" onto public com.ssmcrud.bean.Msg com.ssmcrud.controller.EmployeeController.getEmpsWithJson(java.lang.Integer)
四月 07, 2020 9:12:30 上午 org.hibernate.validator.internal.util.Version <clinit>
INFO: HV000001: Hibernate Validator 5.4.1.Final
四月 07, 2020 9:12:31 上午 org.springframework.web.servlet.mvc.method.annotation.RequestMappingHandlerAdapter initControllerAdviceCache
信息: Looking for @ControllerAdvice: org.springframework.web.context.support.GenericWebApplicationContext@61e94def: startup date [Tue Apr 07 09:12:29 CST 2020]; root of context hierarchy
四月 07, 2020 9:12:31 上午 org.springframework.web.servlet.mvc.method.annotation.RequestMappingHandlerAdapter initControllerAdviceCache
信息: Looking for @ControllerAdvice: org.springframework.web.context.support.GenericWebApplicationContext@61e94def: startup date [Tue Apr 07 09:12:29 CST 2020]; root of context hierarchy
四月 07, 2020 9:12:31 上午 org.springframework.mock.web.MockServletContext log
信息: Initializing Spring FrameworkServlet ''
四月 07, 2020 9:12:31 上午 org.springframework.test.web.servlet.TestDispatcherServlet initServletBean
信息: FrameworkServlet '': initialization started
四月 07, 2020 9:12:31 上午 org.springframework.test.web.servlet.TestDispatcherServlet initServletBean
信息: FrameworkServlet '': initialization completed in 52 ms
四月 07, 2020 9:12:32 上午 com.mchange.v2.c3p0.impl.AbstractPoolBackedDataSource getPoolManager
信息: Initializing c3p0 pool... com.mchange.v2.c3p0.ComboPooledDataSource [ acquireIncrement -> 3, acquireRetryAttempts -> 30, acquireRetryDelay -> 1000, autoCommitOnClose -> false, automaticTestTable -> null, breakAfterAcquireFailure -> false, checkoutTimeout -> 0, connectionCustomizerClassName -> null, connectionTesterClassName -> com.mchange.v2.c3p0.impl.DefaultConnectionTester, dataSourceName -> 1hgeeeka9mt0ebmyk2oym|3918c187, debugUnreturnedConnectionStackTraces -> false, description -> null, driverClass -> com.mysql.cj.jdbc.Driver, factoryClassLocation -> null, forceIgnoreUnresolvedTransactions -> false, identityToken -> 1hgeeeka9mt0ebmyk2oym|3918c187, idleConnectionTestPeriod -> 0, initialPoolSize -> 3, jdbcUrl -> jdbc:mysql://localhost:3306/ssm-crud?characterEncoding=utf-8&useSSL=false&serverTimezone=UTC, lastAcquisitionFailureDefaultUser -> null, maxAdministrativeTaskTime -> 0, maxConnectionAge -> 0, maxIdleTime -> 0, maxIdleTimeExcessConnections -> 0, maxPoolSize -> 15, maxStatements -> 0, maxStatementsPerConnection -> 0, minPoolSize -> 3, numHelperThreads -> 3, numThreadsAwaitingCheckoutDefaultUser -> 0, preferredTestQuery -> null, properties -> {user=******, password=******}, propertyCycle -> 0, testConnectionOnCheckin -> false, testConnectionOnCheckout -> false, unreturnedConnectionTimeout -> 0, usesTraditionalReflectiveProxies -> false ]
四月 07, 2020 9:13:01 上午 com.mchange.v2.resourcepool.BasicResourcePool$AcquireTask run
警告: com.mchange.v2.resourcepool.BasicResourcePool$AcquireTask@7cbfef2a -- Acquisition Attempt Failed!!! Clearing pending acquires. While trying to acquire a needed new resource, we failed to succeed more than the maximum number of allowed acquisition attempts (30). Last acquisition attempt exception: 
java.sql.SQLNonTransientConnectionException: Public Key Retrieval is not allowed
	at com.mysql.cj.jdbc.exceptions.SQLError.createSQLException(SQLError.java:110)
	at com.mysql.cj.jdbc.exceptions.SQLError.createSQLException(SQLError.java:97)
	at com.mysql.cj.jdbc.exceptions.SQLExceptionsMapping.translateException(SQLExceptionsMapping.java:122)
	at com.mysql.cj.jdbc.ConnectionImpl.createNewIO(ConnectionImpl.java:836)
	at com.mysql.cj.jdbc.ConnectionImpl.<init>(ConnectionImpl.java:456)
	at com.mysql.cj.jdbc.ConnectionImpl.getInstance(ConnectionImpl.java:246)
	at com.mysql.cj.jdbc.NonRegisteringDriver.connect(NonRegisteringDriver.java:199)
	at com.mchange.v2.c3p0.DriverManagerDataSource.getConnection(DriverManagerDataSource.java:135)
	at com.mchange.v2.c3p0.WrapperConnectionPoolDataSource.getPooledConnection(WrapperConnectionPoolDataSource.java:182)
	at com.mchange.v2.c3p0.WrapperConnectionPoolDataSource.getPooledConnection(WrapperConnectionPoolDataSource.java:171)
	at com.mchange.v2.c3p0.impl.C3P0PooledConnectionPool$1PooledConnectionResourcePoolManager.acquireResource(C3P0PooledConnectionPool.java:137)
	at com.mchange.v2.resourcepool.BasicResourcePool.doAcquire(BasicResourcePool.java:1014)
	at com.mchange.v2.resourcepool.BasicResourcePool.access$800(BasicResourcePool.java:32)
	at com.mchange.v2.resourcepool.BasicResourcePool$AcquireTask.run(BasicResourcePool.java:1810)
	at com.mchange.v2.async.ThreadPoolAsynchronousRunner$PoolThread.run(ThreadPoolAsynchronousRunner.java:547)

四月 07, 2020 9:13:01 上午 com.mchange.v2.resourcepool.BasicResourcePool$AcquireTask run
警告: com.mchange.v2.resourcepool.BasicResourcePool$AcquireTask@8bba51e -- Acquisition Attempt Failed!!! Clearing pending acquires. While trying to acquire a needed new resource, we failed to succeed more than the maximum number of allowed acquisition attempts (30). Last acquisition attempt exception: 
java.sql.SQLNonTransientConnectionException: Public Key Retrieval is not allowed
	at com.mysql.cj.jdbc.exceptions.SQLError.createSQLException(SQLError.java:110)
	at com.mysql.cj.jdbc.exceptions.SQLError.createSQLException(SQLError.java:97)
	at com.mysql.cj.jdbc.exceptions.SQLExceptionsMapping.translateException(SQLExceptionsMapping.java:122)
	at com.mysql.cj.jdbc.ConnectionImpl.createNewIO(ConnectionImpl.java:836)
	at com.mysql.cj.jdbc.ConnectionImpl.<init>(ConnectionImpl.java:456)
	at com.mysql.cj.jdbc.ConnectionImpl.getInstance(ConnectionImpl.java:246)
	at com.mysql.cj.jdbc.NonRegisteringDriver.connect(NonRegisteringDriver.java:199)
	at com.mchange.v2.c3p0.DriverManagerDataSource.getConnection(DriverManagerDataSource.java:135)
	at com.mchange.v2.c3p0.WrapperConnectionPoolDataSource.getPooledConnection(WrapperConnectionPoolDataSource.java:182)
	at com.mchange.v2.c3p0.WrapperConnectionPoolDataSource.getPooledConnection(WrapperConnectionPoolDataSource.java:171)
	at com.mchange.v2.c3p0.impl.C3P0PooledConnectionPool$1PooledConnectionResourcePoolManager.acquireResource(C3P0PooledConnectionPool.java:137)
	at com.mchange.v2.resourcepool.BasicResourcePool.doAcquire(BasicResourcePool.java:1014)
	at com.mchange.v2.resourcepool.BasicResourcePool.access$800(BasicResourcePool.java:32)
	at com.mchange.v2.resourcepool.BasicResourcePool$AcquireTask.run(BasicResourcePool.java:1810)
	at com.mchange.v2.async.ThreadPoolAsynchronousRunner$PoolThread.run(ThreadPoolAsynchronousRunner.java:547)

]]></system-err>
  </testcase>
</testsuite>